<?xml version="1.0" encoding="UTF-8"?>
<!-- Generated by org.testng.reporters.JUnitXMLReporter -->
<testsuite hostname="hujinhuadeMacBook-Pro.local" name="couponcenter_test" tests="17" failures="0" timestamp="8 Jun 2017 04:01:00 GMT" time="0.636" errors="0">
  <testcase name="couponcenter_batchputcoupon" time="0.0" classname="com.leoao.test.couponcenter.java_couponcenter">
    <skipped/>
  </testcase> <!-- couponcenter_batchputcoupon -->
  <testcase name="couponcenter_createcoupontemplate" time="0.0" classname="com.leoao.test.couponcenter.java_couponcenter">
    <skipped/>
  </testcase> <!-- couponcenter_createcoupontemplate -->
  <testcase name="couponcenter_getcouponbyid" time="0.0" classname="com.leoao.test.couponcenter.java_couponcenter">
    <skipped/>
  </testcase> <!-- couponcenter_getcouponbyid -->
  <testcase name="couponcenter_getcouponpagebyparam" time="0.0" classname="com.leoao.test.couponcenter.java_couponcenter">
    <skipped/>
  </testcase> <!-- couponcenter_getcouponpagebyparam -->
  <testcase name="couponcenter_getfailputcouponuserbytaskid" time="0.0" classname="com.leoao.test.couponcenter.java_couponcenter">
    <skipped/>
  </testcase> <!-- couponcenter_getfailputcouponuserbytaskid -->
  <testcase name="couponcenter_getputcoupontaskpage" time="0.0" classname="com.leoao.test.couponcenter.java_couponcenter">
    <skipped/>
  </testcase> <!-- couponcenter_getputcoupontaskpage -->
  <testcase name="couponcenter_getuseravailablecoupo" time="0.0" classname="com.leoao.test.couponcenter.java_couponcenter">
    <skipped/>
  </testcase> <!-- couponcenter_getuseravailablecoupo -->
  <testcase name="couponcenter_getusercouponbyid" time="0.0" classname="com.leoao.test.couponcenter.java_couponcenter">
    <skipped/>
  </testcase> <!-- couponcenter_getusercouponbyid -->
  <testcase name="couponcenter_getusercouponbyuserId" time="0.0" classname="com.leoao.test.couponcenter.java_couponcenter">
    <skipped/>
  </testcase> <!-- couponcenter_getusercouponbyuserId -->
  <testcase name="couponcenter_getusercouponpagebyuserid" time="0.0" classname="com.leoao.test.couponcenter.java_couponcenter">
    <skipped/>
  </testcase> <!-- couponcenter_getusercouponpagebyuserid -->
  <testcase name="couponcenter_putcoupon" time="0.0" classname="com.leoao.test.couponcenter.java_couponcenter">
    <skipped/>
  </testcase> <!-- couponcenter_putcoupon -->
  <testcase name="couponcenter_updatecoupontemplate" time="0.0" classname="com.leoao.test.couponcenter.java_couponcenter">
    <skipped/>
  </testcase> <!-- couponcenter_updatecoupontemplate -->
  <testcase name="couponcenter_updatestatus" time="0.0" classname="com.leoao.test.couponcenter.java_couponcenter">
    <skipped/>
  </testcase> <!-- couponcenter_updatestatus -->
  <testcase name="couponcenter_updateusercouponfororder" time="0.0" classname="com.leoao.test.couponcenter.java_couponcenter">
    <skipped/>
  </testcase> <!-- couponcenter_updateusercouponfororder -->
  <testcase name="couponcenter_updateusercouponforpay" time="0.0" classname="com.leoao.test.couponcenter.java_couponcenter">
    <skipped/>
  </testcase> <!-- couponcenter_updateusercouponforpay -->
  <testcase name="couponcenter_updateusercouponstatus" time="0.0" classname="com.leoao.test.couponcenter.java_couponcenter">
    <skipped/>
  </testcase> <!-- couponcenter_updateusercouponstatus -->
  <testcase name="dell_test_all" time="0.514" classname="com.leoao.test.couponcenter.java_couponcenter"/>
</testsuite> <!-- couponcenter_test -->
