<?xml version="1.0" encoding="UTF-8"?>
<testng-results skipped="0" failed="0" total="1" passed="1">
  <reporter-output>
  </reporter-output>
  <suite name="Default suite" duration-ms="922" started-at="2017-06-21T11:11:50Z" finished-at="2017-06-21T11:11:51Z">
    <groups>
    </groups>
    <test name="Default test" duration-ms="922" started-at="2017-06-21T11:11:50Z" finished-at="2017-06-21T11:11:51Z">
      <class name="com.leoao.test.user_sys.sso_token">
        <test-method status="PASS" signature="setUp()[pri:0, instance:com.leoao.test.user_sys.sso_token@83bed72]" name="setUp" is-config="true" duration-ms="10" started-at="2017-06-21T19:11:50Z" finished-at="2017-06-21T19:11:50Z">
          <reporter-output>
          </reporter-output>
        </test-method> <!-- setUp -->
        <test-method status="PASS" signature="setUp()[pri:0, instance:com.leoao.test.user_sys.sso_token@83bed72]" name="setUp" is-config="true" duration-ms="1" started-at="2017-06-21T19:11:50Z" finished-at="2017-06-21T19:11:50Z">
          <reporter-output>
          </reporter-output>
        </test-method> <!-- setUp -->
        <test-method status="PASS" signature="dell_test_all()[pri:0, instance:com.leoao.test.user_sys.sso_token@83bed72]" name="dell_test_all" duration-ms="886" started-at="2017-06-21T19:11:50Z" finished-at="2017-06-21T19:11:51Z">
          <reporter-output>
          </reporter-output>
        </test-method> <!-- dell_test_all -->
      </class> <!-- com.leoao.test.user_sys.sso_token -->
    </test> <!-- Default test -->
  </suite> <!-- Default suite -->
</testng-results>
